{"uuid":"64d79241-5f92-4071-9d40-0321f6b4883d","historyId":"8bd7bdda5c0a64da2a9efd659733290b","testCaseId":"[engine:junit-jupiter]/[class:POMFlightsTests]/[method:test06ComplexScenario()]","testCaseName":"6. Сложный сценарий: Поиск - не найдены рейсы - возврат на страницу поиска - найдены рейсы - Регистрация на 1-й рейс в списке - не задан номер паспорта - повторный ввод паспорта с корректными данными - успешная регистрация","fullName":"POMFlightsTests.test06ComplexScenario","labels":[{"name":"junit.platform.uniqueid","value":"[engine:junit-jupiter]/[class:POMFlightsTests]/[method:test06ComplexScenario()]"},{"name":"host","value":"DESKTOP-EJ5K97M"},{"name":"thread","value":"16032@DESKTOP-EJ5K97M.main(1)"},{"name":"framework","value":"junit-platform"},{"name":"language","value":"java"},{"name":"package","value":"POMFlightsTests"},{"name":"testClass","value":"POMFlightsTests"},{"name":"testMethod","value":"test06ComplexScenario"},{"name":"suite","value":"POMFlightsTests"}],"links":[],"name":"6. Сложный сценарий: Поиск - не найдены рейсы - возврат на страницу поиска - найдены рейсы - Регистрация на 1-й рейс в списке - не задан номер паспорта - повторный ввод паспорта с корректными данными - успешная регистрация","status":"failed","statusDetails":{"known":false,"muted":false,"flaky":false,"message":"Element not found {#departureCity}\r\nExpected: visible\r\nScreenshot: file:/C:/IDEA/IdeaProjects/POMProject2/build/reports/tests/1763559257127.0.png\r\nPage source: file:/C:/IDEA/IdeaProjects/POMProject2/build/reports/tests/1763559257127.0.html\r\nTimeout: 4 s.\r\nCaused by: NoSuchElementException: no such element: Unable to locate element: {\"method\":\"css selector\",\"selector\":\"#departureCity\"}","trace":"Element not found {#departureCity}\r\nExpected: visible\r\nScreenshot: file:/C:/IDEA/IdeaProjects/POMProject2/build/reports/tests/1763559257127.0.png\r\nPage source: file:/C:/IDEA/IdeaProjects/POMProject2/build/reports/tests/1763559257127.0.html\r\nTimeout: 4 s.\r\nCaused by: NoSuchElementException: no such element: Unable to locate element: {\"method\":\"css selector\",\"selector\":\"#departureCity\"}\r\n\tat com.codeborne.selenide.impl.WebElementSource.createElementNotFoundError(WebElementSource.java:68)\r\n\tat com.codeborne.selenide.impl.ElementFinder.createElementNotFoundError(ElementFinder.java:122)\r\n\tat com.codeborne.selenide.impl.WebElementSource.handleError(WebElementSource.java:119)\r\n\tat com.codeborne.selenide.impl.WebElementSource.checkConditionAndReturnElement(WebElementSource.java:102)\r\n\tat com.codeborne.selenide.impl.WebElementSource.checkCondition(WebElementSource.java:78)\r\n\tat com.codeborne.selenide.commands.Should.execute(Should.java:24)\r\n\tat com.codeborne.selenide.FluentCommand.execute(FluentCommand.java:27)\r\n\tat com.codeborne.selenide.FluentCommand.execute(FluentCommand.java:19)\r\n\tat com.codeborne.selenide.commands.Commands.execute(Commands.java:160)\r\n\tat com.codeborne.selenide.impl.SelenideElementProxy.dispatchAndRetry(SelenideElementProxy.java:131)\r\n\tat com.codeborne.selenide.impl.SelenideElementProxy.invoke(SelenideElementProxy.java:83)\r\n\tat jdk.proxy1/jdk.proxy1.$Proxy13.shouldBe(Unknown Source)\r\n\tat pages.SearchPage.search(SearchPage.java:23)\r\n\tat POMFlightsTests.stepSearchFlights(POMFlightsTests.java:80)\r\n\tat POMFlightsTests.test06ComplexScenario(POMFlightsTests.java:152)\r\n\tat java.base/java.lang.reflect.Method.invoke(Method.java:580)\r\n\tat java.base/java.util.ArrayList.forEach(ArrayList.java:1596)\r\n\tat java.base/java.util.ArrayList.forEach(ArrayList.java:1596)\r\nCaused by: org.openqa.selenium.NoSuchElementException: no such element: Unable to locate element: {\"method\":\"css selector\",\"selector\":\"#departureCity\"}\n  (Session info: chrome=142.0.7444.163)\nFor documentation on this error, please visit: https://www.selenium.dev/documentation/webdriver/troubleshooting/errors#no-such-element-exception\nBuild info: version: '4.29.0', revision: '5fc1ec94cb'\nSystem info: os.name: 'Windows 10', os.arch: 'amd64', os.version: '10.0', java.version: '21.0.8'\nDriver info: org.openqa.selenium.chrome.ChromeDriver\nCommand: [31c1533bc4db1f42e43773d9e92683b6, findElement {value=#departureCity, using=css selector}]\nCapabilities {acceptInsecureCerts: true, browserName: chrome, browserVersion: 142.0.7444.163, chrome: {chromedriverVersion: 142.0.7444.175 (302067f14a4..., userDataDir: C:\\Users\\Alice\\AppData\\Loca...}, fedcm:accounts: true, goog:chromeOptions: {debuggerAddress: localhost:64048}, goog:processID: 1192, networkConnectionEnabled: false, pageLoadStrategy: normal, platformName: windows, proxy: Proxy(), se:cdp: ws://localhost:64048/devtoo..., se:cdpVersion: 142.0.7444.163, setWindowRect: true, strictFileInteractability: false, timeouts: {implicit: 0, pageLoad: 300000, script: 30000}, unhandledPromptBehavior: accept, webauthn:extension:credBlob: true, webauthn:extension:largeBlob: true, webauthn:extension:minPinLength: true, webauthn:extension:prf: true, webauthn:virtualAuthenticators: true}\nSession ID: 31c1533bc4db1f42e43773d9e92683b6\r\n\tat java.base/jdk.internal.reflect.DirectConstructorHandleAccessor.newInstance(DirectConstructorHandleAccessor.java:62)\r\n\tat java.base/java.lang.reflect.Constructor.newInstanceWithCaller(Constructor.java:502)\r\n\tat java.base/java.lang.reflect.Constructor.newInstance(Constructor.java:486)\r\n\tat org.openqa.selenium.remote.ErrorCodec.decode(ErrorCodec.java:167)\r\n\tat org.openqa.selenium.remote.codec.w3c.W3CHttpResponseCodec.decode(W3CHttpResponseCodec.java:138)\r\n\tat org.openqa.selenium.remote.codec.w3c.W3CHttpResponseCodec.decode(W3CHttpResponseCodec.java:50)\r\n\tat org.openqa.selenium.remote.HttpCommandExecutor.execute(HttpCommandExecutor.java:215)\r\n\tat org.openqa.selenium.remote.service.DriverCommandExecutor.invokeExecute(DriverCommandExecutor.java:216)\r\n\tat org.openqa.selenium.remote.service.DriverCommandExecutor.execute(DriverCommandExecutor.java:174)\r\n\tat org.openqa.selenium.remote.RemoteWebDriver.execute(RemoteWebDriver.java:545)\r\n\tat org.openqa.selenium.remote.ElementLocation$ElementFinder$2.findElement(ElementLocation.java:165)\r\n\tat org.openqa.selenium.remote.ElementLocation.findElement(ElementLocation.java:59)\r\n\tat org.openqa.selenium.remote.RemoteWebDriver.findElement(RemoteWebDriver.java:368)\r\n\tat org.openqa.selenium.remote.RemoteWebDriver.findElement(RemoteWebDriver.java:362)\r\n\tat com.codeborne.selenide.impl.WebElementSelector.findElement(WebElementSelector.java:64)\r\n\tat com.codeborne.selenide.impl.WebElementSelector.findElement(WebElementSelector.java:39)\r\n\tat com.codeborne.selenide.impl.WebElementSelector.findElement(WebElementSelector.java:30)\r\n\tat com.codeborne.selenide.impl.ElementFinder.getWebElement(ElementFinder.java:106)\r\n\tat com.codeborne.selenide.impl.WebElementSource.checkConditionAndReturnElement(WebElementSource.java:91)\r\n\t... 14 more\r\n"},"stage":"finished","description":"","steps":[],"attachments":[],"parameters":[],"start":1763559248723,"stop":1763559257380}